<?xml version="1.0" encoding="UTF-8"?>
<!-- Generated by org.testng.reporters.JUnitXMLReporter -->
<testsuite hostname="Chomping" ignored="0" name="Command line test" tests="8" failures="7" timestamp="2020-02-02T07:17:16 UYT" time="150.052" errors="0">
  <testcase name="option1" time="1.271" classname="tests.DropdownsTest"/>
  <testcase name="option2" time="1.981" classname="tests.DropdownsTest">
    <failure type="java.lang.AssertionError" message="expected [position:asc] but found [price:asc]">
      <![CDATA[java.lang.AssertionError: expected [position:asc] but found [price:asc]
at tests.DropdownsTest.option2(DropdownsTest.java:26)
at java.util.ArrayList.forEach(ArrayList.java:1249)
... Removed 41 stack frames]]>
    </failure>
  </testcase> <!-- option2 -->
  <testcase name="option3" time="1.824" classname="tests.DropdownsTest">
    <failure type="java.lang.AssertionError" message="expected [position:asc] but found [price:desc]">
      <![CDATA[java.lang.AssertionError: expected [position:asc] but found [price:desc]
at tests.DropdownsTest.option3(DropdownsTest.java:30)
at java.util.ArrayList.forEach(ArrayList.java:1249)
... Removed 41 stack frames]]>
    </failure>
  </testcase> <!-- option3 -->
  <testcase name="option4" time="0.278" classname="tests.DropdownsTest">
    <failure type="java.lang.AssertionError" message="expected [position:asc] but found [name:asc]">
      <![CDATA[java.lang.AssertionError: expected [position:asc] but found [name:asc]
at tests.DropdownsTest.option4(DropdownsTest.java:34)
at java.util.ArrayList.forEach(ArrayList.java:1249)
... Removed 41 stack frames]]>
    </failure>
  </testcase> <!-- option4 -->
  <testcase name="option5" time="0.282" classname="tests.DropdownsTest">
    <failure type="java.lang.AssertionError" message="expected [position:asc] but found [name:desc]">
      <![CDATA[java.lang.AssertionError: expected [position:asc] but found [name:desc]
at tests.DropdownsTest.option5(DropdownsTest.java:38)
at java.util.ArrayList.forEach(ArrayList.java:1249)
... Removed 41 stack frames]]>
    </failure>
  </testcase> <!-- option5 -->
  <testcase name="option6" time="0.285" classname="tests.DropdownsTest">
    <failure type="java.lang.AssertionError" message="expected [position:asc] but found [quantity:desc]">
      <![CDATA[java.lang.AssertionError: expected [position:asc] but found [quantity:desc]
at tests.DropdownsTest.option6(DropdownsTest.java:42)
at java.util.ArrayList.forEach(ArrayList.java:1249)
... Removed 41 stack frames]]>
    </failure>
  </testcase> <!-- option6 -->
  <testcase name="option7" time="0.293" classname="tests.DropdownsTest">
    <failure type="java.lang.AssertionError" message="expected [position:asc] but found [reference:asc]">
      <![CDATA[java.lang.AssertionError: expected [position:asc] but found [reference:asc]
at tests.DropdownsTest.option7(DropdownsTest.java:46)
at java.util.ArrayList.forEach(ArrayList.java:1249)
... Removed 41 stack frames]]>
    </failure>
  </testcase> <!-- option7 -->
  <testcase name="option8" time="0.299" classname="tests.DropdownsTest">
    <failure type="java.lang.AssertionError" message="expected [position:asc] but found [reference:desc]">
      <![CDATA[java.lang.AssertionError: expected [position:asc] but found [reference:desc]
at tests.DropdownsTest.option8(DropdownsTest.java:50)
at java.util.ArrayList.forEach(ArrayList.java:1249)
... Removed 41 stack frames]]>
    </failure>
  </testcase> <!-- option8 -->
</testsuite> <!-- Command line test -->
