<?xml version="1.0" encoding="UTF-8"?>
<!-- Generated by org.testng.reporters.JUnitXMLReporter -->
<testsuite hostname="Chomping" ignored="8" name="Command line test" tests="1" failures="0" timestamp="2020-02-13T22:48:50 UYT" time="31.271" errors="0">
  <testcase name="dobug" time="6.559" classname="tests.DropdownsTest"/>
  <testcase name="option2" time="0.0" classname="tests.DropdownsTest">
    <ignored/>
  </testcase> <!-- option2 -->
  <testcase name="option3" time="0.0" classname="tests.DropdownsTest">
    <ignored/>
  </testcase> <!-- option3 -->
  <testcase name="option4" time="0.0" classname="tests.DropdownsTest">
    <ignored/>
  </testcase> <!-- option4 -->
  <testcase name="option5" time="0.0" classname="tests.DropdownsTest">
    <ignored/>
  </testcase> <!-- option5 -->
  <testcase name="option1" time="0.0" classname="tests.DropdownsTest">
    <ignored/>
  </testcase> <!-- option1 -->
  <testcase name="option6" time="0.0" classname="tests.DropdownsTest">
    <ignored/>
  </testcase> <!-- option6 -->
  <testcase name="option7" time="0.0" classname="tests.DropdownsTest">
    <ignored/>
  </testcase> <!-- option7 -->
  <testcase name="option8" time="0.0" classname="tests.DropdownsTest">
    <ignored/>
  </testcase> <!-- option8 -->
</testsuite> <!-- Command line test -->
