<?xml version="1.0" encoding="UTF-8"?>
<!-- Generated by org.testng.reporters.JUnitXMLReporter -->
<testsuite hostname="Chomping" ignored="2" name="Command line test" tests="1" failures="0" timestamp="2020-02-02T07:02:23 UYT" time="22.183" errors="0">
  <testcase name="yolo" time="5.758" classname="tests.SeccionesTest"/>
  <testcase name="dress" time="0.0" classname="tests.SeccionesTest">
    <ignored/>
  </testcase> <!-- dress -->
  <testcase name="women" time="0.0" classname="tests.SeccionesTest">
    <ignored/>
  </testcase> <!-- women -->
</testsuite> <!-- Command line test -->
